# JRE version: OpenJDK Runtime Environment (17.0.6) (build 17.0.6+0-b2043.56-10027231)
# Java VM: OpenJDK 64-Bit Server VM (17.0.6+0-b2043.56-10027231, mixed mode, tiered, compressed oops, compressed class ptrs, g1 gc, windows-amd64)
GC Precious Log:
 CPUs: 6 total, 6 available
 Memory: 16326M
 Large Page Support: Disabled
 NUMA Support: Disabled
 Compressed Oops: Enabled (Zero based)
 Heap Region Size: 2M
 Heap Min Capacity: 8M
 Heap Initial Capacity: 256M
 Heap Max Capacity: 4082M
 Pre-touch: Disabled
 Parallel Workers: 6
 Concurrent Workers: 2
 Concurrent Refinement Workers: 6
 Periodic GC: Disabled
Heap:
 garbage-first heap   total 131072K, used 90901K [0x0000000700e00000, 0x0000000800000000)
  region size 2048K, 13 young (26624K), 2 survivors (4096K)
 Metaspace       used 75507K, committed 75776K, reserved 1122304K
  class space    used 8512K, committed 8640K, reserved 1048576K
GC Heap History (20 events):
Event: 1.630 GC heap before
{Heap before GC invocations=8 (full 0):
 garbage-first heap   total 155648K, used 33640K [0x0000000700e00000, 0x0000000800000000)
  region size 2048K, 6 young (12288K), 1 survivors (2048K)
 Metaspace       used 35905K, committed 36096K, reserved 1081344K
  class space    used 4531K, committed 4608K, reserved 1048576K
}
Event: 1.633 GC heap after
{Heap after GC invocations=9 (full 0):
 garbage-first heap   total 155648K, used 26692K [0x0000000700e00000, 0x0000000800000000)
  region size 2048K, 2 young (4096K), 2 survivors (4096K)
 Metaspace       used 35905K, committed 36096K, reserved 1081344K
  class space    used 4531K, committed 4608K, reserved 1048576K
}
Event: 2.428 GC heap before
{Heap before GC invocations=10 (full 0):
 garbage-first heap   total 102400K, used 84036K [0x0000000700e00000, 0x0000000800000000)
  region size 2048K, 30 young (61440K), 2 survivors (4096K)
 Metaspace       used 48232K, committed 48448K, reserved 1097728K
  class space    used 5843K, committed 5952K, reserved 1048576K
}
Event: 2.438 GC heap after
{Heap after GC invocations=11 (full 0):
 garbage-first heap   total 102400K, used 32266K [0x0000000700e00000, 0x0000000800000000)
  region size 2048K, 4 young (8192K), 4 survivors (8192K)
 Metaspace       used 48232K, committed 48448K, reserved 1097728K
  class space    used 5843K, committed 5952K, reserved 1048576K
}
Event: 2.718 GC heap before
{Heap before GC invocations=11 (full 0):
 garbage-first heap   total 102400K, used 71178K [0x0000000700e00000, 0x0000000800000000)
  region size 2048K, 23 young (47104K), 4 survivors (8192K)
 Metaspace       used 49704K, committed 49920K, reserved 1097728K
  class space    used 6000K, committed 6080K, reserved 1048576K
}
Event: 2.729 GC heap after
{Heap after GC invocations=12 (full 0):
 garbage-first heap   total 102400K, used 35654K [0x0000000700e00000, 0x0000000800000000)
  region size 2048K, 2 young (4096K), 2 survivors (4096K)
 Metaspace       used 49704K, committed 49920K, reserved 1097728K
  class space    used 6000K, committed 6080K, reserved 1048576K
}
Event: 3.430 GC heap before
{Heap before GC invocations=12 (full 0):
 garbage-first heap   total 102400K, used 74566K [0x0000000700e00000, 0x0000000800000000)
  region size 2048K, 21 young (43008K), 2 survivors (4096K)
 Metaspace       used 52918K, committed 53184K, reserved 1097728K
  class space    used 6261K, committed 6400K, reserved 1048576K
}
Event: 3.441 GC heap after
{Heap after GC invocations=13 (full 0):
 garbage-first heap   total 102400K, used 43118K [0x0000000700e00000, 0x0000000800000000)
  region size 2048K, 3 young (6144K), 3 survivors (6144K)
 Metaspace       used 52918K, committed 53184K, reserved 1097728K
  class space    used 6261K, committed 6400K, reserved 1048576K
}
Event: 3.799 GC heap before
{Heap before GC invocations=13 (full 0):
 garbage-first heap   total 102400K, used 75886K [0x0000000700e00000, 0x0000000800000000)
  region size 2048K, 19 young (38912K), 3 survivors (6144K)
 Metaspace       used 53632K, committed 53952K, reserved 1097728K
  class space    used 6307K, committed 6464K, reserved 1048576K
}
Event: 3.815 GC heap after
{Heap after GC invocations=14 (full 0):
 garbage-first heap   total 122880K, used 49843K [0x0000000700e00000, 0x0000000800000000)
  region size 2048K, 3 young (6144K), 3 survivors (6144K)
 Metaspace       used 53632K, committed 53952K, reserved 1097728K
  class space    used 6307K, committed 6464K, reserved 1048576K
}
Event: 4.455 GC heap before
{Heap before GC invocations=14 (full 0):
 garbage-first heap   total 122880K, used 90803K [0x0000000700e00000, 0x0000000800000000)
  region size 2048K, 23 young (47104K), 3 survivors (6144K)
 Metaspace       used 58099K, committed 58368K, reserved 1105920K
  class space    used 6816K, committed 6976K, reserved 1048576K
}
Event: 4.467 GC heap after
{Heap after GC invocations=15 (full 0):
 garbage-first heap   total 122880K, used 53902K [0x0000000700e00000, 0x0000000800000000)
  region size 2048K, 2 young (4096K), 2 survivors (4096K)
 Metaspace       used 58099K, committed 58368K, reserved 1105920K
  class space    used 6816K, committed 6976K, reserved 1048576K
}
Event: 4.988 GC heap before
{Heap before GC invocations=15 (full 0):
 garbage-first heap   total 122880K, used 82574K [0x0000000700e00000, 0x0000000800000000)
  region size 2048K, 17 young (34816K), 2 survivors (4096K)
 Metaspace       used 60205K, committed 60480K, reserved 1105920K
  class space    used 6932K, committed 7040K, reserved 1048576K
}
Event: 5.000 GC heap after
{Heap after GC invocations=16 (full 0):
 garbage-first heap   total 122880K, used 58910K [0x0000000700e00000, 0x0000000800000000)
  region size 2048K, 3 young (6144K), 3 survivors (6144K)
 Metaspace       used 60205K, committed 60480K, reserved 1105920K
  class space    used 6932K, committed 7040K, reserved 1048576K
}
Event: 5.538 GC heap before
{Heap before GC invocations=17 (full 0):
 garbage-first heap   total 122880K, used 91678K [0x0000000700e00000, 0x0000000800000000)
  region size 2048K, 20 young (40960K), 3 survivors (6144K)
 Metaspace       used 65874K, committed 66176K, reserved 1114112K
  class space    used 7546K, committed 7680K, reserved 1048576K
}
Event: 5.551 GC heap after
{Heap after GC invocations=18 (full 0):
 garbage-first heap   total 122880K, used 63014K [0x0000000700e00000, 0x0000000800000000)
  region size 2048K, 2 young (4096K), 2 survivors (4096K)
 Metaspace       used 65874K, committed 66176K, reserved 1114112K
  class space    used 7546K, committed 7680K, reserved 1048576K
}
Event: 6.120 GC heap before
{Heap before GC invocations=19 (full 0):
 garbage-first heap   total 122880K, used 91686K [0x0000000700e00000, 0x0000000800000000)
  region size 2048K, 17 young (34816K), 2 survivors (4096K)
 Metaspace       used 70116K, committed 70400K, reserved 1114112K
  class space    used 7961K, committed 8128K, reserved 1048576K
}
Event: 6.130 GC heap after
{Heap after GC invocations=20 (full 0):
 garbage-first heap   total 122880K, used 67052K [0x0000000700e00000, 0x0000000800000000)
  region size 2048K, 2 young (4096K), 2 survivors (4096K)
 Metaspace       used 70116K, committed 70400K, reserved 1114112K
  class space    used 7961K, committed 8128K, reserved 1048576K
}
Event: 6.453 GC heap before
{Heap before GC invocations=20 (full 0):
 garbage-first heap   total 122880K, used 95724K [0x0000000700e00000, 0x0000000800000000)
  region size 2048K, 16 young (32768K), 2 survivors (4096K)
 Metaspace       used 73276K, committed 73600K, reserved 1114112K
  class space    used 8294K, committed 8448K, reserved 1048576K
}
Event: 6.466 GC heap after
{Heap after GC invocations=21 (full 0):
 garbage-first heap   total 122880K, used 72469K [0x0000000700e00000, 0x0000000800000000)
  region size 2048K, 2 young (4096K), 2 survivors (4096K)
 Metaspace       used 73276K, committed 73600K, reserved 1114112K
  class space    used 8294K, committed 8448K, reserved 1048576K
}

